<?xml version="1.0" encoding="UTF-8"?>
<!-- Generated by org.testng.reporters.JUnitXMLReporter -->
<testsuite ignored="0" hostname="DESKTOP-7TVUAN4" failures="0" tests="3" name="Default test" time="9.262" errors="0" timestamp="2024-08-26T18:08:09 IST">
  <testcase classname="InvocationcountEP6.nvocation" name="Find" time="3.445"/>
  <testcase classname="InvocationcountEP6.nvocation" name="Find" time="2.814"/>
  <testcase classname="InvocationcountEP6.nvocation" name="Find" time="2.966"/>
</testsuite> <!-- Default test -->
