<?xml version="1.0" encoding="UTF-8"?>
<testng-results ignored="0" total="2" passed="2" failed="0" skipped="0">
  <reporter-output>
  </reporter-output>
  <suite started-at="2024-08-31T17:33:59 IST" name="Default suite" finished-at="2024-08-31T17:34:03 IST" duration-ms="4335">
    <groups>
    </groups>
    <test started-at="2024-08-31T17:33:59 IST" name="Default test" finished-at="2024-08-31T17:34:03 IST" duration-ms="4335">
      <class name="Ep8.threadpoolsizeTimeout">
        <test-method signature="InvocationPrallel()[pri:0, instance:Ep8.threadpoolsizeTimeout@793f29ff]" started-at="2024-08-31T17:33:59 IST" name="InvocationPrallel" finished-at="2024-08-31T17:34:03 IST" duration-ms="4287" status="PASS">
          <reporter-output>
          </reporter-output>
        </test-method> <!-- InvocationPrallel -->
        <test-method signature="InvocationPrallel()[pri:0, instance:Ep8.threadpoolsizeTimeout@793f29ff]" started-at="2024-08-31T17:33:59 IST" name="InvocationPrallel" finished-at="2024-08-31T17:34:03 IST" duration-ms="3751" status="PASS">
          <reporter-output>
          </reporter-output>
        </test-method> <!-- InvocationPrallel -->
      </class> <!-- Ep8.threadpoolsizeTimeout -->
    </test> <!-- Default test -->
  </suite> <!-- Default suite -->
</testng-results>
