<?xml version="1.0" encoding="UTF-8"?>
<!-- Generated by org.testng.reporters.JUnitReportReporter -->
<testsuite hostname="DESKTOP-7TVUAN4" failures="0" tests="3" name="DynamicExcel.loginsss" time="6.508" errors="0" timestamp="2024-09-04T15:10:49 IST" skipped="0">
  <testcase classname="DynamicExcel.loginsss" name="h" time="2.959"/>
  <testcase classname="DynamicExcel.loginsss" name="h" time="1.625"/>
  <testcase classname="DynamicExcel.loginsss" name="h" time="1.924"/>
</testsuite> <!-- DynamicExcel.loginsss -->
